1778022211.294892 2026-05-05 18:03:31 MainProcess-11873 MainThread-8351682752 parsl.dataflow.dflow:96 __init__ INFO: Starting DataFlowKernel with config
Config(
    app_cache=True, 
    checkpoint_files=None, 
    checkpoint_mode=None, 
    checkpoint_period=None, 
    dependency_resolver=None, 
    executors=(ThreadPoolExecutor(
        label='threads', 
        max_threads=1, 
        storage_access=None, 
        thread_name_prefix='', 
        working_dir=None
    ),), 
    exit_mode='cleanup', 
    garbage_collect=True, 
    initialize_logging=True, 
    internal_tasks_max_threads=1, 
    max_idletime=120.0, 
    monitoring=None, 
    project_name=None, 
    retries=0, 
    retry_handler=None, 
    run_dir='runinfo', 
    std_autopath=None, 
    strategy='simple', 
    strategy_period=5, 
    usage_tracking=False
)
1778022211.295020 2026-05-05 18:03:31 MainProcess-11873 MainThread-8351682752 parsl.dataflow.dflow:98 __init__ INFO: Parsl version: 2025.06.09
1778022211.295083 2026-05-05 18:03:31 MainProcess-11873 MainThread-8351682752 parsl.usage_tracking.usage:119 __init__ DEBUG: Tracking level: False
1778022211.295128 2026-05-05 18:03:31 MainProcess-11873 MainThread-8351682752 parsl.dataflow.dflow:123 __init__ INFO: Run id is: 0c820e7f-318b-467a-b04b-7ef08f58e549
1778022211.330356 2026-05-05 18:03:31 MainProcess-11873 MainThread-8351682752 parsl.dataflow.dflow:130 __init__ DEBUG: Considering candidate for workflow name: /Users/hsharma/miniconda3/envs/midas_env/lib/python3.12/site-packages/parsl/dataflow/dflow.py
1778022211.330432 2026-05-05 18:03:31 MainProcess-11873 MainThread-8351682752 parsl.dataflow.dflow:130 __init__ DEBUG: Considering candidate for workflow name: /Users/hsharma/miniconda3/envs/midas_env/lib/python3.12/site-packages/parsl/dataflow/dflow.py
1778022211.330463 2026-05-05 18:03:31 MainProcess-11873 MainThread-8351682752 parsl.dataflow.dflow:130 __init__ DEBUG: Considering candidate for workflow name: /Users/hsharma/opt/MIDAS/packages/midas_ff_pipeline/midas_ff_pipeline/dispatch.py
1778022211.330490 2026-05-05 18:03:31 MainProcess-11873 MainThread-8351682752 parsl.dataflow.dflow:136 __init__ DEBUG: Using dispatch.py as workflow name
1778022211.330610 2026-05-05 18:03:31 MainProcess-11873 MainThread-8351682752 parsl.dataflow.memoization:169 __init__ INFO: App caching initialized
1778022211.330646 2026-05-05 18:03:31 MainProcess-11873 MainThread-8351682752 parsl.jobs.strategy:145 __init__ DEBUG: Scaling strategy: simple
1778022211.330756 2026-05-05 18:03:31 MainProcess-11873 JobStatusPoller-Timer-Thread-6235400928-6293925888 parsl.jobs.strategy:184 _general_strategy DEBUG: general strategy starting with strategy_type simple for 0 executors
1778022211.330787 2026-05-05 18:03:31 MainProcess-11873 JobStatusPoller-Timer-Thread-6235400928-6293925888 parsl.process_loggers:27 wrapped DEBUG: Normal ending for _general_strategy on thread JobStatusPoller-Timer-Thread-6235400928
1778022211.654966 2026-05-05 18:03:31 MainProcess-11873 MainThread-8351682752 parsl.dataflow.dflow:1147 atexit_cleanup WARNING: Python is exiting with a DFK still running. You should call parsl.dfk().cleanup() before exiting to release any resources
