1778033015.900825 2026-05-05 21:03:35 MainProcess-8669 MainThread-8351682752 parsl.dataflow.dflow:96 __init__ INFO: Starting DataFlowKernel with config
Config(
    app_cache=True, 
    checkpoint_files=None, 
    checkpoint_mode=None, 
    checkpoint_period=None, 
    dependency_resolver=None, 
    executors=(ThreadPoolExecutor(
        label='threads', 
        max_threads=1, 
        storage_access=None, 
        thread_name_prefix='', 
        working_dir=None
    ),), 
    exit_mode='cleanup', 
    garbage_collect=True, 
    initialize_logging=True, 
    internal_tasks_max_threads=1, 
    max_idletime=120.0, 
    monitoring=None, 
    project_name=None, 
    retries=0, 
    retry_handler=None, 
    run_dir='runinfo', 
    std_autopath=None, 
    strategy='simple', 
    strategy_period=5, 
    usage_tracking=False
)
1778033015.900958 2026-05-05 21:03:35 MainProcess-8669 MainThread-8351682752 parsl.dataflow.dflow:98 __init__ INFO: Parsl version: 2025.06.09
1778033015.901020 2026-05-05 21:03:35 MainProcess-8669 MainThread-8351682752 parsl.usage_tracking.usage:119 __init__ DEBUG: Tracking level: False
1778033015.901064 2026-05-05 21:03:35 MainProcess-8669 MainThread-8351682752 parsl.dataflow.dflow:123 __init__ INFO: Run id is: 0cdf6473-10dd-4d20-9401-cf3f6794e452
1778033015.936063 2026-05-05 21:03:35 MainProcess-8669 MainThread-8351682752 parsl.dataflow.dflow:130 __init__ DEBUG: Considering candidate for workflow name: /Users/hsharma/miniconda3/envs/midas_env/lib/python3.12/site-packages/parsl/dataflow/dflow.py
1778033015.936138 2026-05-05 21:03:35 MainProcess-8669 MainThread-8351682752 parsl.dataflow.dflow:130 __init__ DEBUG: Considering candidate for workflow name: /Users/hsharma/miniconda3/envs/midas_env/lib/python3.12/site-packages/parsl/dataflow/dflow.py
1778033015.936169 2026-05-05 21:03:35 MainProcess-8669 MainThread-8351682752 parsl.dataflow.dflow:130 __init__ DEBUG: Considering candidate for workflow name: /Users/hsharma/opt/MIDAS/packages/midas_ff_pipeline/midas_ff_pipeline/dispatch.py
1778033015.936196 2026-05-05 21:03:35 MainProcess-8669 MainThread-8351682752 parsl.dataflow.dflow:136 __init__ DEBUG: Using dispatch.py as workflow name
1778033015.936313 2026-05-05 21:03:35 MainProcess-8669 MainThread-8351682752 parsl.dataflow.memoization:169 __init__ INFO: App caching initialized
1778033015.936349 2026-05-05 21:03:35 MainProcess-8669 MainThread-8351682752 parsl.jobs.strategy:145 __init__ DEBUG: Scaling strategy: simple
1778033015.936466 2026-05-05 21:03:35 MainProcess-8669 JobStatusPoller-Timer-Thread-6220733072-6281342976 parsl.jobs.strategy:184 _general_strategy DEBUG: general strategy starting with strategy_type simple for 0 executors
1778033015.936498 2026-05-05 21:03:35 MainProcess-8669 JobStatusPoller-Timer-Thread-6220733072-6281342976 parsl.process_loggers:27 wrapped DEBUG: Normal ending for _general_strategy on thread JobStatusPoller-Timer-Thread-6220733072
1778033016.261745 2026-05-05 21:03:36 MainProcess-8669 MainThread-8351682752 parsl.dataflow.dflow:1147 atexit_cleanup WARNING: Python is exiting with a DFK still running. You should call parsl.dfk().cleanup() before exiting to release any resources
